debug_logfile: fd 2
pid 3189 [parent 3185], doing new pid setup and server start
Setup complete, sending SIGUSR1 to pid 3185.
path mismatch [2 links]: ino 12 db '/dev/shm/sem.mp-aopjt4s5' req '/dev/shm/M4OXka'.
path mismatch [2 links]: ino 12 db '/dev/shm/sem.mp-616f8b97' req '/dev/shm/vCvfbQ'.
path mismatch [2 links]: ino 18 db '/dev/shm/sem.mp-f707tc88' req '/dev/shm/W9N6he'.
path mismatch [2 links]: ino 20 db '/dev/shm/sem.mp-g1n7xrrm' req '/dev/shm/iLAHpC'.
path mismatch [2 links]: ino 21 db '/dev/shm/sem.mp-m3uiezos' req '/dev/shm/74Hpx0'.
path mismatch [2 links]: ino 22 db '/dev/shm/sem.mp-e2_bzque' req '/dev/shm/ZaudFo'.
path mismatch [2 links]: ino 12 db '/dev/shm/sem.mp-323fb43n' req '/dev/shm/oiwIAb'.
path mismatch [2 links]: ino 407388 db '/home/ivilinux/work/01_pfinteg/pf_integ_tools_1105/dn-delivery-common/oe-MGC_COS2-gr-mrb-64_1/build/tmp/work/corei7-64-mel-linux/systemtap/git-systemtap_g03-r0/pkgdata/systemtap' req '/home/ivilinux/work/01_pfinteg/pf_integ_tools_1105/dn-delivery-common/oe-MGC_COS2-gr-mrb-64_1/build/tmp/sysroots/gr-mrb-64/pkgdata/systemtap'.
path mismatch [2 links]: ino 407389 db '/home/ivilinux/work/01_pfinteg/pf_integ_tools_1105/dn-delivery-common/oe-MGC_COS2-gr-mrb-64_1/build/tmp/work/corei7-64-mel-linux/systemtap/git-systemtap_g03-r0/pkgdata/runtime/systemtap-dbg' req '/home/ivilinux/work/01_pfinteg/pf_integ_tools_1105/dn-delivery-common/oe-MGC_COS2-gr-mrb-64_1/build/tmp/sysroots/gr-mrb-64/pkgdata/runtime/systemtap-dbg'.
path mismatch [2 links]: ino 407392 db '/home/ivilinux/work/01_pfinteg/pf_integ_tools_1105/dn-delivery-common/oe-MGC_COS2-gr-mrb-64_1/build/tmp/work/corei7-64-mel-linux/systemtap/git-systemtap_g03-r0/pkgdata/runtime/systemtap-staticdev' req '/home/ivilinux/work/01_pfinteg/pf_integ_tools_1105/dn-delivery-common/oe-MGC_COS2-gr-mrb-64_1/build/tmp/sysroots/gr-mrb-64/pkgdata/runtime/systemtap-staticdev'.
path mismatch [2 links]: ino 407438 db '/home/ivilinux/work/01_pfinteg/pf_integ_tools_1105/dn-delivery-common/oe-MGC_COS2-gr-mrb-64_1/build/tmp/work/corei7-64-mel-linux/systemtap/git-systemtap_g03-r0/pkgdata/runtime/systemtap-dev' req '/home/ivilinux/work/01_pfinteg/pf_integ_tools_1105/dn-delivery-common/oe-MGC_COS2-gr-mrb-64_1/build/tmp/sysroots/gr-mrb-64/pkgdata/runtime/systemtap-dev'.
path mismatch [2 links]: ino 407441 db '/home/ivilinux/work/01_pfinteg/pf_integ_tools_1105/dn-delivery-common/oe-MGC_COS2-gr-mrb-64_1/build/tmp/work/corei7-64-mel-linux/systemtap/git-systemtap_g03-r0/pkgdata/runtime/systemtap-doc' req '/home/ivilinux/work/01_pfinteg/pf_integ_tools_1105/dn-delivery-common/oe-MGC_COS2-gr-mrb-64_1/build/tmp/sysroots/gr-mrb-64/pkgdata/runtime/systemtap-doc'.
path mismatch [2 links]: ino 407444 db '/home/ivilinux/work/01_pfinteg/pf_integ_tools_1105/dn-delivery-common/oe-MGC_COS2-gr-mrb-64_1/build/tmp/work/corei7-64-mel-linux/systemtap/git-systemtap_g03-r0/pkgdata/runtime/systemtap-locale' req '/home/ivilinux/work/01_pfinteg/pf_integ_tools_1105/dn-delivery-common/oe-MGC_COS2-gr-mrb-64_1/build/tmp/sysroots/gr-mrb-64/pkgdata/runtime/systemtap-locale'.
path mismatch [2 links]: ino 407445 db '/home/ivilinux/work/01_pfinteg/pf_integ_tools_1105/dn-delivery-common/oe-MGC_COS2-gr-mrb-64_1/build/tmp/work/corei7-64-mel-linux/systemtap/git-systemtap_g03-r0/pkgdata/runtime/systemtap' req '/home/ivilinux/work/01_pfinteg/pf_integ_tools_1105/dn-delivery-common/oe-MGC_COS2-gr-mrb-64_1/build/tmp/sysroots/gr-mrb-64/pkgdata/runtime/systemtap'.
path mismatch [2 links]: ino 407438 db '/home/ivilinux/work/01_pfinteg/pf_integ_tools_1105/dn-delivery-common/oe-MGC_COS2-gr-mrb-64_1/build/tmp/work/corei7-64-mel-linux/systemtap/git-systemtap_g03-r0/pkgdata/runtime/systemtap-dev' req '/home/ivilinux/work/01_pfinteg/pf_integ_tools_1105/dn-delivery-common/oe-MGC_COS2-gr-mrb-64_1/build/tmp/sysroots/gr-mrb-64/pkgdata/runtime/systemtap-dev'.
path mismatch [2 links]: ino 407438 db '/home/ivilinux/work/01_pfinteg/pf_integ_tools_1105/dn-delivery-common/oe-MGC_COS2-gr-mrb-64_1/build/tmp/work/corei7-64-mel-linux/systemtap/git-systemtap_g03-r0/pkgdata/runtime/systemtap-dev' req '/home/ivilinux/work/01_pfinteg/pf_integ_tools_1105/dn-delivery-common/oe-MGC_COS2-gr-mrb-64_1/build/tmp/sysroots/gr-mrb-64/pkgdata/runtime/systemtap-dev'.
path mismatch [2 links]: ino 407445 db '/home/ivilinux/work/01_pfinteg/pf_integ_tools_1105/dn-delivery-common/oe-MGC_COS2-gr-mrb-64_1/build/tmp/work/corei7-64-mel-linux/systemtap/git-systemtap_g03-r0/pkgdata/runtime/systemtap' req '/home/ivilinux/work/01_pfinteg/pf_integ_tools_1105/dn-delivery-common/oe-MGC_COS2-gr-mrb-64_1/build/tmp/sysroots/gr-mrb-64/pkgdata/runtime/systemtap'.
path mismatch [2 links]: ino 407445 db '/home/ivilinux/work/01_pfinteg/pf_integ_tools_1105/dn-delivery-common/oe-MGC_COS2-gr-mrb-64_1/build/tmp/work/corei7-64-mel-linux/systemtap/git-systemtap_g03-r0/pkgdata/runtime/systemtap' req '/home/ivilinux/work/01_pfinteg/pf_integ_tools_1105/dn-delivery-common/oe-MGC_COS2-gr-mrb-64_1/build/tmp/sysroots/gr-mrb-64/pkgdata/runtime/systemtap'.
db cleanup for server shutdown, 20:16:02.742
memory-to-file backup complete, 20:16:02.743.
db cleanup finished, 20:16:02.743
